<?xml version="1.0" encoding="UTF-8"?>
<testng-results ignored="0" total="4" passed="4" failed="0" skipped="0">
  <reporter-output>
  </reporter-output>
  <suite started-at="2020-03-10T10:31:23 IST" name="Sample test Suite" finished-at="2020-03-10T10:31:56 IST" duration-ms="32823">
    <groups>
    </groups>
    <test started-at="2020-03-10T10:31:23 IST" name="Sample test" finished-at="2020-03-10T10:31:56 IST" duration-ms="32823">
      <class name="com.training.sanity.tests.MediumUniformTests">
        <test-method is-config="true" signature="setUpBeforeClass()[pri:0, instance:com.training.sanity.tests.MediumUniformTests@7f1302d6]" started-at="2020-03-10T10:31:23 IST" name="setUpBeforeClass" finished-at="2020-03-10T10:31:36 IST" duration-ms="12887" status="PASS">
          <reporter-output>
          </reporter-output>
        </test-method> <!-- setUpBeforeClass -->
        <test-method signature="validLoginTest()[pri:10, instance:com.training.sanity.tests.MediumUniformTests@7f1302d6]" started-at="2020-03-10T10:31:36 IST" name="validLoginTest" finished-at="2020-03-10T10:31:38 IST" duration-ms="1692" status="PASS">
          <reporter-output>
          </reporter-output>
        </test-method> <!-- validLoginTest -->
        <test-method signature="EditDeleteCategoryTest()[pri:20, instance:com.training.sanity.tests.MediumUniformTests@7f1302d6]" started-at="2020-03-10T10:31:38 IST" name="EditDeleteCategoryTest" finished-at="2020-03-10T10:31:43 IST" duration-ms="5525" status="PASS">
          <reporter-output>
          </reporter-output>
        </test-method> <!-- EditDeleteCategoryTest -->
        <test-method signature="FilterProductTest()[pri:30, instance:com.training.sanity.tests.MediumUniformTests@7f1302d6]" started-at="2020-03-10T10:31:43 IST" name="FilterProductTest" finished-at="2020-03-10T10:31:50 IST" duration-ms="6993" status="PASS">
          <reporter-output>
          </reporter-output>
        </test-method> <!-- FilterProductTest -->
        <test-method signature="AddProductTest()[pri:40, instance:com.training.sanity.tests.MediumUniformTests@7f1302d6]" started-at="2020-03-10T10:31:50 IST" name="AddProductTest" finished-at="2020-03-10T10:31:54 IST" duration-ms="3886" status="PASS">
          <reporter-output>
          </reporter-output>
        </test-method> <!-- AddProductTest -->
        <test-method is-config="true" signature="tearDown()[pri:0, instance:com.training.sanity.tests.MediumUniformTests@7f1302d6]" started-at="2020-03-10T10:31:54 IST" name="tearDown" finished-at="2020-03-10T10:31:56 IST" duration-ms="1781" status="PASS">
          <reporter-output>
          </reporter-output>
        </test-method> <!-- tearDown -->
      </class> <!-- com.training.sanity.tests.MediumUniformTests -->
    </test> <!-- Sample test -->
  </suite> <!-- Sample test Suite -->
</testng-results>
