<?xml version="1.0" encoding="UTF-8"?>
<testng-results ignored="0" total="7" passed="7" failed="0" skipped="0">
  <reporter-output>
  </reporter-output>
  <suite started-at="2020-03-10T11:18:29 IST" name="Sample test Suite" finished-at="2020-03-10T11:19:21 IST" duration-ms="51481">
    <groups>
    </groups>
    <test started-at="2020-03-10T11:18:29 IST" name="Sample test" finished-at="2020-03-10T11:19:21 IST" duration-ms="51481">
      <class name="com.training.sanity.tests.MediumUniformTests">
        <test-method is-config="true" signature="setUpBeforeClass()[pri:0, instance:com.training.sanity.tests.MediumUniformTests@2805c96b]" started-at="2020-03-10T11:18:48 IST" name="setUpBeforeClass" finished-at="2020-03-10T11:19:00 IST" duration-ms="11755" status="PASS">
          <reporter-output>
          </reporter-output>
        </test-method> <!-- setUpBeforeClass -->
        <test-method signature="validLoginTest()[pri:10, instance:com.training.sanity.tests.MediumUniformTests@2805c96b]" started-at="2020-03-10T11:19:00 IST" name="validLoginTest" finished-at="2020-03-10T11:19:01 IST" duration-ms="1619" status="PASS">
          <reporter-output>
          </reporter-output>
        </test-method> <!-- validLoginTest -->
        <test-method signature="EditDeleteCategoryTest()[pri:20, instance:com.training.sanity.tests.MediumUniformTests@2805c96b]" started-at="2020-03-10T11:19:01 IST" name="EditDeleteCategoryTest" finished-at="2020-03-10T11:19:07 IST" duration-ms="5432" status="PASS">
          <reporter-output>
          </reporter-output>
        </test-method> <!-- EditDeleteCategoryTest -->
        <test-method signature="FilterProductTest()[pri:30, instance:com.training.sanity.tests.MediumUniformTests@2805c96b]" started-at="2020-03-10T11:19:07 IST" name="FilterProductTest" finished-at="2020-03-10T11:19:14 IST" duration-ms="6827" status="PASS">
          <reporter-output>
          </reporter-output>
        </test-method> <!-- FilterProductTest -->
        <test-method signature="AddProductTest()[pri:40, instance:com.training.sanity.tests.MediumUniformTests@2805c96b]" started-at="2020-03-10T11:19:14 IST" name="AddProductTest" finished-at="2020-03-10T11:19:17 IST" duration-ms="3774" status="PASS">
          <reporter-output>
          </reporter-output>
        </test-method> <!-- AddProductTest -->
        <test-method is-config="true" signature="tearDown()[pri:0, instance:com.training.sanity.tests.MediumUniformTests@2805c96b]" started-at="2020-03-10T11:19:19 IST" name="tearDown" finished-at="2020-03-10T11:19:21 IST" duration-ms="1728" status="PASS">
          <reporter-output>
          </reporter-output>
        </test-method> <!-- tearDown -->
      </class> <!-- com.training.sanity.tests.MediumUniformTests -->
      <class name="com.training.sanity.tests.LoginTests">
        <test-method is-config="true" signature="setUpBeforeClass()[pri:0, instance:com.training.sanity.tests.LoginTests@4fe767f3]" started-at="2020-03-10T11:18:29 IST" name="setUpBeforeClass" finished-at="2020-03-10T11:18:42 IST" duration-ms="12429" status="PASS">
          <reporter-output>
          </reporter-output>
        </test-method> <!-- setUpBeforeClass -->
        <test-method signature="validLoginTest()[pri:10, instance:com.training.sanity.tests.LoginTests@4fe767f3]" started-at="2020-03-10T11:18:42 IST" name="validLoginTest" finished-at="2020-03-10T11:18:44 IST" duration-ms="2703" status="PASS">
          <reporter-output>
          </reporter-output>
        </test-method> <!-- validLoginTest -->
        <test-method signature="disListCategories()[pri:20, instance:com.training.sanity.tests.LoginTests@4fe767f3]" started-at="2020-03-10T11:18:44 IST" name="disListCategories" finished-at="2020-03-10T11:18:46 IST" duration-ms="1185" status="PASS">
          <reporter-output>
          </reporter-output>
        </test-method> <!-- disListCategories -->
        <test-method signature="deleteCategories()[pri:30, instance:com.training.sanity.tests.LoginTests@4fe767f3]" started-at="2020-03-10T11:18:46 IST" name="deleteCategories" finished-at="2020-03-10T11:18:48 IST" duration-ms="2338" status="PASS">
          <reporter-output>
          </reporter-output>
        </test-method> <!-- deleteCategories -->
        <test-method is-config="true" signature="tearDown()[pri:0, instance:com.training.sanity.tests.LoginTests@4fe767f3]" started-at="2020-03-10T11:19:17 IST" name="tearDown" finished-at="2020-03-10T11:19:19 IST" duration-ms="1628" status="PASS">
          <reporter-output>
          </reporter-output>
        </test-method> <!-- tearDown -->
      </class> <!-- com.training.sanity.tests.LoginTests -->
    </test> <!-- Sample test -->
  </suite> <!-- Sample test Suite -->
</testng-results>
