<?xml version="1.0" encoding="UTF-8"?>
<!-- Generated by org.testng.reporters.JUnitXMLReporter -->
<testsuite ignored="0" hostname="DESKTOP-8FM2397" failures="0" tests="2" name="Sample test" time="23.088" errors="0" timestamp="2020-03-05T10:28:10 IST">
  <testcase classname="com.training.sanity.tests.MediumUniformTests" name="validLoginTest" time="1.73"/>
  <testcase classname="com.training.sanity.tests.MediumUniformTests" name="EditDeleteCategoryTest" time="6.619"/>
</testsuite> <!-- Sample test -->
