<?xml version="1.0" encoding="UTF-8"?>
<!-- Generated by org.testng.reporters.JUnitXMLReporter -->
<testsuite ignored="0" hostname="DESKTOP-8FM2397" failures="0" tests="7" name="Sample test" time="51.481" errors="0" timestamp="2020-03-10T11:19:21 IST">
  <testcase classname="com.training.sanity.tests.LoginTests" name="validLoginTest" time="2.703"/>
  <testcase classname="com.training.sanity.tests.LoginTests" name="disListCategories" time="1.185"/>
  <testcase classname="com.training.sanity.tests.LoginTests" name="deleteCategories" time="2.338"/>
  <testcase classname="com.training.sanity.tests.MediumUniformTests" name="validLoginTest" time="1.619"/>
  <testcase classname="com.training.sanity.tests.MediumUniformTests" name="EditDeleteCategoryTest" time="5.432"/>
  <testcase classname="com.training.sanity.tests.MediumUniformTests" name="FilterProductTest" time="6.827"/>
  <testcase classname="com.training.sanity.tests.MediumUniformTests" name="AddProductTest" time="3.774"/>
</testsuite> <!-- Sample test -->
