<?xml version="1.0" encoding="UTF-8"?>
<!-- Generated by org.testng.reporters.JUnitXMLReporter -->
<testsuite ignored="0" hostname="DESKTOP-8FM2397" failures="0" tests="4" name="Sample test" time="32.823" errors="0" timestamp="2020-03-10T10:31:56 IST">
  <testcase classname="com.training.sanity.tests.MediumUniformTests" name="validLoginTest" time="1.692"/>
  <testcase classname="com.training.sanity.tests.MediumUniformTests" name="EditDeleteCategoryTest" time="5.525"/>
  <testcase classname="com.training.sanity.tests.MediumUniformTests" name="FilterProductTest" time="6.993"/>
  <testcase classname="com.training.sanity.tests.MediumUniformTests" name="AddProductTest" time="3.886"/>
</testsuite> <!-- Sample test -->
