<?xml version="1.0" encoding="UTF-8"?>
<!-- Generated by org.testng.reporters.JUnitXMLReporter -->
<testsuite ignored="0" hostname="DESKTOP-8FM2397" failures="0" tests="3" name="Sample test" time="21.114" errors="0" timestamp="2020-03-04T19:42:22 IST">
  <testcase classname="com.training.sanity.tests.LoginTests" name="validLoginTest" time="2.259"/>
  <testcase classname="com.training.sanity.tests.LoginTests" name="disListCategories" time="1.359"/>
  <testcase classname="com.training.sanity.tests.LoginTests" name="deleteCategories" time="2.659"/>
</testsuite> <!-- Sample test -->
